<?xml version="1.0" encoding="UTF-8"?>
<!-- Generated by org.testng.reporters.JUnitReportReporter -->
<testsuite hostname="LAPTOP-03NV3H68" failures="0" tests="1" name="web.log" time="16.295" errors="0" timestamp="2025-05-28T11:01:45 IST" skipped="0">
  <testcase classname="web.log" name="use" time="16.295"/>
</testsuite> <!-- web.log -->
